Using pre-set license
Built from '2020.3/staging' branch; Version is '2020.3.29f1 (2ff179115da0) revision 3142009'; Using compiler version '192528614'; Build Type 'Release'
OS: 'Windows 10  (10.0.16299) 64bit Professional' Language: 'en' Physical Memory: 24540 MB
BatchMode: 1, IsHumanControllingUs: 0, StartBugReporterOnCrash: 0, Is64bit: 1, IsPro: 0

COMMAND LINE ARGUMENTS:
C:\Program Files\Unity\Hub\Editor\2020.3.29f1\Editor\Unity.exe
-adb2
-batchMode
-noUpm
-name
AssetImportWorker0
-projectPath
C:/Users/miken/Documents/GitHub/Candice AI for Games/Candice AI for Games
-logFile
Logs/AssetImportWorker0.log
-srvPort
61248
Successfully changed project path to: C:/Users/miken/Documents/GitHub/Candice AI for Games/Candice AI for Games
C:/Users/miken/Documents/GitHub/Candice AI for Games/Candice AI for Games
Using Asset Import Pipeline V2.
Refreshing native plugins compatible for Editor in 59.41 ms, found 2 plugins.
Preloading 0 native plugins for Editor in 0.00 ms.
Initialize engine version: 2020.3.29f1 (2ff179115da0)
[Subsystems] Discovering subsystems at path C:/Program Files/Unity/Hub/Editor/2020.3.29f1/Editor/Data/Resources/UnitySubsystems
[Subsystems] Discovering subsystems at path C:/Users/miken/Documents/GitHub/Candice AI for Games/Candice AI for Games/Assets
GfxDevice: creating device client; threaded=0
Direct3D:
    Version:  Direct3D 11.0 [level 11.1]
    Renderer: NVIDIA GeForce GTX 1060 3GB (ID=0x1c02)
    Vendor:   
    VRAM:     2988 MB
    Driver:   26.21.14.3200
Initialize mono
Mono path[0] = 'C:/Program Files/Unity/Hub/Editor/2020.3.29f1/Editor/Data/Managed'
Mono path[1] = 'C:/Program Files/Unity/Hub/Editor/2020.3.29f1/Editor/Data/MonoBleedingEdge/lib/mono/unityjit'
Mono config path = 'C:/Program Files/Unity/Hub/Editor/2020.3.29f1/Editor/Data/MonoBleedingEdge/etc'
Using monoOptions --debugger-agent=transport=dt_socket,embedding=1,server=y,suspend=n,address=127.0.0.1:56788
Begin MonoManager ReloadAssembly
Registering precompiled unity dll's ...
Register platform support module: C:/Program Files/Unity/Hub/Editor/2020.3.29f1/Editor/Data/PlaybackEngines/WindowsStandaloneSupport/UnityEditor.WindowsStandalone.Extensions.dll
Registered in 0.001456 seconds.
Native extension for WindowsStandalone target not found
Refreshing native plugins compatible for Editor in 54.57 ms, found 2 plugins.
Preloading 0 native plugins for Editor in 0.00 ms.
Mono: successfully reloaded assembly
- Completed reload, in  0.620 seconds
Domain Reload Profiling:
	ReloadAssembly (620ms)
		BeginReloadAssembly (62ms)
			ExecutionOrderSort (0ms)
			DisableScriptedObjects (0ms)
			BackupInstance (0ms)
			ReleaseScriptingObjects (0ms)
			CreateAndSetChildDomain (1ms)
		EndReloadAssembly (485ms)
			LoadAssemblies (60ms)
			RebuildTransferFunctionScriptingTraits (0ms)
			SetupTypeCache (152ms)
			ReleaseScriptCaches (0ms)
			RebuildScriptCaches (32ms)
			SetupLoadedEditorAssemblies (193ms)
				LogAssemblyErrors (0ms)
				InitializePlatformSupportModulesInManaged (5ms)
				SetLoadedEditorAssemblies (0ms)
				RefreshPlugins (55ms)
				BeforeProcessingInitializeOnLoad (16ms)
				ProcessInitializeOnLoadAttributes (85ms)
				ProcessInitializeOnLoadMethodAttributes (31ms)
				AfterProcessingInitializeOnLoad (0ms)
				EditorAssembliesLoaded (0ms)
			ExecutionOrderSort2 (0ms)
			AwakeInstancesAfterBackupRestoration (0ms)
Platform modules already initialized, skipping
Registering precompiled user dll's ...
Registered in 0.004558 seconds.
Begin MonoManager ReloadAssembly
Native extension for WindowsStandalone target not found
Refreshing native plugins compatible for Editor in 0.72 ms, found 2 plugins.
Preloading 0 native plugins for Editor in 0.00 ms.
Mono: successfully reloaded assembly
- Completed reload, in  1.160 seconds
Domain Reload Profiling:
	ReloadAssembly (1161ms)
		BeginReloadAssembly (154ms)
			ExecutionOrderSort (0ms)
			DisableScriptedObjects (5ms)
			BackupInstance (0ms)
			ReleaseScriptingObjects (0ms)
			CreateAndSetChildDomain (19ms)
		EndReloadAssembly (944ms)
			LoadAssemblies (98ms)
			RebuildTransferFunctionScriptingTraits (0ms)
			SetupTypeCache (294ms)
			ReleaseScriptCaches (1ms)
			RebuildScriptCaches (51ms)
			SetupLoadedEditorAssemblies (398ms)
				LogAssemblyErrors (0ms)
				InitializePlatformSupportModulesInManaged (4ms)
				SetLoadedEditorAssemblies (0ms)
				RefreshPlugins (1ms)
				BeforeProcessingInitializeOnLoad (100ms)
				ProcessInitializeOnLoadAttributes (240ms)
				ProcessInitializeOnLoadMethodAttributes (48ms)
				AfterProcessingInitializeOnLoad (5ms)
				EditorAssembliesLoaded (0ms)
			ExecutionOrderSort2 (0ms)
			AwakeInstancesAfterBackupRestoration (7ms)
Platform modules already initialized, skipping
========================================================================
Worker process is ready to serve import requests
Launched and connected shader compiler UnityShaderCompiler.exe after 0.03 seconds
Refreshing native plugins compatible for Editor in 0.71 ms, found 2 plugins.
Preloading 0 native plugins for Editor in 0.00 ms.
Unloading 2161 Unused Serialized files (Serialized files now loaded: 0)
System memory in use before: 85.6 MB.
System memory in use after: 85.6 MB.

Unloading 56 unused Assets to reduce memory usage. Loaded Objects now: 2574.
Total: 6.741331 ms (FindLiveObjects: 0.201915 ms CreateObjectMapping: 0.108770 ms MarkObjects: 6.321576 ms  DeleteObjects: 0.107869 ms)

AssetImportParameters requested are different than current active one (requested -> active):
  custom:framework-win-MediaFoundation: 216162199b28c13a410421893ffa2e32 -> 
  custom:video-decoder-ogg-theora: a1e56fd34408186e4bbccfd4996cb3dc -> 
  custom:container-muxer-webm: aa71ff27fc2769a1b78a27578f13a17b -> 
  custom:container-demuxer-webm: 4f35f7cbe854078d1ac9338744f61a02 -> 
  custom:container-demuxer-ogg: 62fdf1f143b41e24485cea50d1cbac27 -> 
  custom:video-encoder-webm-vp8: eb34c28f22e8b96e1ab97ce403110664 -> 
  custom:video-decoder-webm-vp8: 9c59270c3fd7afecdb556c50c9e8de78 -> 
  custom:audio-decoder-ogg-vorbis: bf7c407c2cedff20999df2af8eb42d56 -> 
  custom:audio-encoder-webm-vorbis: bf7c407c2cedff20999df2af8eb42d56 -> 
========================================================================
Received Import Request.
  path: ProjectSettings/TagManager.asset
  artifactKey: Guid(00000000000000003000000000000000) Importer(815301076,1909f56bfc062723c751e8b465ee728b)
Start importing ProjectSettings/TagManager.asset using Guid(00000000000000003000000000000000) Importer(815301076,1909f56bfc062723c751e8b465ee728b)  -> (artifact id: 'd2c09919bd23040cac689a9bf1e3a5f6') in 0.035465 seconds 
  Import took 0.038804 seconds .

========================================================================
Received Prepare
Registering precompiled user dll's ...
Registered in 0.004065 seconds.
Begin MonoManager ReloadAssembly
Native extension for WindowsStandalone target not found
Refreshing native plugins compatible for Editor in 0.74 ms, found 2 plugins.
Preloading 0 native plugins for Editor in 0.00 ms.
Mono: successfully reloaded assembly
- Completed reload, in  3.166 seconds
Domain Reload Profiling:
	ReloadAssembly (3166ms)
		BeginReloadAssembly (127ms)
			ExecutionOrderSort (0ms)
			DisableScriptedObjects (6ms)
			BackupInstance (0ms)
			ReleaseScriptingObjects (0ms)
			CreateAndSetChildDomain (34ms)
		EndReloadAssembly (2909ms)
			LoadAssemblies (180ms)
			RebuildTransferFunctionScriptingTraits (0ms)
			SetupTypeCache (697ms)
			ReleaseScriptCaches (1ms)
			RebuildScriptCaches (54ms)
			SetupLoadedEditorAssemblies (1862ms)
				LogAssemblyErrors (0ms)
				InitializePlatformSupportModulesInManaged (6ms)
				SetLoadedEditorAssemblies (1ms)
				RefreshPlugins (1ms)
				BeforeProcessingInitializeOnLoad (100ms)
				ProcessInitializeOnLoadAttributes (1687ms)
				ProcessInitializeOnLoadMethodAttributes (62ms)
				AfterProcessingInitializeOnLoad (5ms)
				EditorAssembliesLoaded (0ms)
			ExecutionOrderSort2 (0ms)
			AwakeInstancesAfterBackupRestoration (7ms)
Platform modules already initialized, skipping
Refreshing native plugins compatible for Editor in 0.73 ms, found 2 plugins.
Preloading 0 native plugins for Editor in 0.00 ms.
Unloading 2155 Unused Serialized files (Serialized files now loaded: 0)
System memory in use before: 85.5 MB.
System memory in use after: 85.6 MB.

Unloading 48 unused Assets to reduce memory usage. Loaded Objects now: 2576.
Total: 7.524054 ms (FindLiveObjects: 0.191699 ms CreateObjectMapping: 0.094648 ms MarkObjects: 7.191735 ms  DeleteObjects: 0.044469 ms)

AssetImportParameters requested are different than current active one (requested -> active):
  custom:framework-win-MediaFoundation: 216162199b28c13a410421893ffa2e32 -> 
  custom:video-decoder-ogg-theora: a1e56fd34408186e4bbccfd4996cb3dc -> 
  custom:container-muxer-webm: aa71ff27fc2769a1b78a27578f13a17b -> 
  custom:container-demuxer-webm: 4f35f7cbe854078d1ac9338744f61a02 -> 
  custom:container-demuxer-ogg: 62fdf1f143b41e24485cea50d1cbac27 -> 
  custom:video-encoder-webm-vp8: eb34c28f22e8b96e1ab97ce403110664 -> 
  custom:video-decoder-webm-vp8: 9c59270c3fd7afecdb556c50c9e8de78 -> 
  custom:audio-decoder-ogg-vorbis: bf7c407c2cedff20999df2af8eb42d56 -> 
  custom:audio-encoder-webm-vorbis: bf7c407c2cedff20999df2af8eb42d56 -> 
========================================================================
Received Prepare
Registering precompiled user dll's ...
Registered in 0.005863 seconds.
Begin MonoManager ReloadAssembly
Native extension for WindowsStandalone target not found
Refreshing native plugins compatible for Editor in 0.95 ms, found 2 plugins.
Preloading 0 native plugins for Editor in 0.00 ms.
Mono: successfully reloaded assembly
- Completed reload, in  1.383 seconds
Domain Reload Profiling:
	ReloadAssembly (1386ms)
		BeginReloadAssembly (197ms)
			ExecutionOrderSort (0ms)
			DisableScriptedObjects (27ms)
			BackupInstance (0ms)
			ReleaseScriptingObjects (0ms)
			CreateAndSetChildDomain (72ms)
		EndReloadAssembly (1121ms)
			LoadAssemblies (119ms)
			RebuildTransferFunctionScriptingTraits (0ms)
			SetupTypeCache (356ms)
			ReleaseScriptCaches (1ms)
			RebuildScriptCaches (78ms)
			SetupLoadedEditorAssemblies (404ms)
				LogAssemblyErrors (0ms)
				InitializePlatformSupportModulesInManaged (9ms)
				SetLoadedEditorAssemblies (1ms)
				RefreshPlugins (1ms)
				BeforeProcessingInitializeOnLoad (92ms)
				ProcessInitializeOnLoadAttributes (249ms)
				ProcessInitializeOnLoadMethodAttributes (48ms)
				AfterProcessingInitializeOnLoad (4ms)
				EditorAssembliesLoaded (0ms)
			ExecutionOrderSort2 (0ms)
			AwakeInstancesAfterBackupRestoration (7ms)
Platform modules already initialized, skipping
Refreshing native plugins compatible for Editor in 0.81 ms, found 2 plugins.
Preloading 0 native plugins for Editor in 0.00 ms.
Unloading 2155 Unused Serialized files (Serialized files now loaded: 0)
System memory in use before: 85.5 MB.
System memory in use after: 85.7 MB.

Unloading 47 unused Assets to reduce memory usage. Loaded Objects now: 2578.
Total: 7.770139 ms (FindLiveObjects: 0.380995 ms CreateObjectMapping: 0.211831 ms MarkObjects: 7.117219 ms  DeleteObjects: 0.058592 ms)

AssetImportParameters requested are different than current active one (requested -> active):
  custom:framework-win-MediaFoundation: 216162199b28c13a410421893ffa2e32 -> 
  custom:video-decoder-ogg-theora: a1e56fd34408186e4bbccfd4996cb3dc -> 
  custom:container-muxer-webm: aa71ff27fc2769a1b78a27578f13a17b -> 
  custom:container-demuxer-webm: 4f35f7cbe854078d1ac9338744f61a02 -> 
  custom:container-demuxer-ogg: 62fdf1f143b41e24485cea50d1cbac27 -> 
  custom:video-encoder-webm-vp8: eb34c28f22e8b96e1ab97ce403110664 -> 
  custom:video-decoder-webm-vp8: 9c59270c3fd7afecdb556c50c9e8de78 -> 
  custom:audio-decoder-ogg-vorbis: bf7c407c2cedff20999df2af8eb42d56 -> 
  custom:audio-encoder-webm-vorbis: bf7c407c2cedff20999df2af8eb42d56 -> 
========================================================================
Received Prepare
Registering precompiled user dll's ...
Registered in 0.004434 seconds.
Begin MonoManager ReloadAssembly
Native extension for WindowsStandalone target not found
Refreshing native plugins compatible for Editor in 3.11 ms, found 2 plugins.
Preloading 0 native plugins for Editor in 0.00 ms.
Mono: successfully reloaded assembly
- Completed reload, in  1.580 seconds
Domain Reload Profiling:
	ReloadAssembly (1580ms)
		BeginReloadAssembly (122ms)
			ExecutionOrderSort (0ms)
			DisableScriptedObjects (6ms)
			BackupInstance (0ms)
			ReleaseScriptingObjects (0ms)
			CreateAndSetChildDomain (39ms)
		EndReloadAssembly (1399ms)
			LoadAssemblies (100ms)
			RebuildTransferFunctionScriptingTraits (0ms)
			SetupTypeCache (537ms)
			ReleaseScriptCaches (3ms)
			RebuildScriptCaches (73ms)
			SetupLoadedEditorAssemblies (545ms)
				LogAssemblyErrors (0ms)
				InitializePlatformSupportModulesInManaged (6ms)
				SetLoadedEditorAssemblies (1ms)
				RefreshPlugins (3ms)
				BeforeProcessingInitializeOnLoad (115ms)
				ProcessInitializeOnLoadAttributes (242ms)
				ProcessInitializeOnLoadMethodAttributes (171ms)
				AfterProcessingInitializeOnLoad (8ms)
				EditorAssembliesLoaded (0ms)
			ExecutionOrderSort2 (0ms)
			AwakeInstancesAfterBackupRestoration (32ms)
Platform modules already initialized, skipping
Refreshing native plugins compatible for Editor in 0.73 ms, found 2 plugins.
Preloading 0 native plugins for Editor in 0.00 ms.
Unloading 2155 Unused Serialized files (Serialized files now loaded: 0)
System memory in use before: 85.6 MB.
System memory in use after: 85.7 MB.

Unloading 47 unused Assets to reduce memory usage. Loaded Objects now: 2580.
Total: 6.364843 ms (FindLiveObjects: 0.222347 ms CreateObjectMapping: 0.127099 ms MarkObjects: 5.978139 ms  DeleteObjects: 0.036056 ms)

AssetImportParameters requested are different than current active one (requested -> active):
  custom:framework-win-MediaFoundation: 216162199b28c13a410421893ffa2e32 -> 
  custom:video-decoder-ogg-theora: a1e56fd34408186e4bbccfd4996cb3dc -> 
  custom:container-muxer-webm: aa71ff27fc2769a1b78a27578f13a17b -> 
  custom:container-demuxer-webm: 4f35f7cbe854078d1ac9338744f61a02 -> 
  custom:container-demuxer-ogg: 62fdf1f143b41e24485cea50d1cbac27 -> 
  custom:video-encoder-webm-vp8: eb34c28f22e8b96e1ab97ce403110664 -> 
  custom:video-decoder-webm-vp8: 9c59270c3fd7afecdb556c50c9e8de78 -> 
  custom:audio-decoder-ogg-vorbis: bf7c407c2cedff20999df2af8eb42d56 -> 
  custom:audio-encoder-webm-vorbis: bf7c407c2cedff20999df2af8eb42d56 -> 
========================================================================
Received Prepare
Registering precompiled user dll's ...
Registered in 0.004067 seconds.
Begin MonoManager ReloadAssembly
Native extension for WindowsStandalone target not found
Refreshing native plugins compatible for Editor in 0.97 ms, found 2 plugins.
Preloading 0 native plugins for Editor in 0.00 ms.
Mono: successfully reloaded assembly
- Completed reload, in  1.221 seconds
Domain Reload Profiling:
	ReloadAssembly (1221ms)
		BeginReloadAssembly (125ms)
			ExecutionOrderSort (0ms)
			DisableScriptedObjects (6ms)
			BackupInstance (0ms)
			ReleaseScriptingObjects (0ms)
			CreateAndSetChildDomain (37ms)
		EndReloadAssembly (1032ms)
			LoadAssemblies (106ms)
			RebuildTransferFunctionScriptingTraits (0ms)
			SetupTypeCache (317ms)
			ReleaseScriptCaches (1ms)
			RebuildScriptCaches (52ms)
			SetupLoadedEditorAssemblies (442ms)
				LogAssemblyErrors (0ms)
				InitializePlatformSupportModulesInManaged (5ms)
				SetLoadedEditorAssemblies (1ms)
				RefreshPlugins (1ms)
				BeforeProcessingInitializeOnLoad (102ms)
				ProcessInitializeOnLoadAttributes (278ms)
				ProcessInitializeOnLoadMethodAttributes (49ms)
				AfterProcessingInitializeOnLoad (6ms)
				EditorAssembliesLoaded (0ms)
			ExecutionOrderSort2 (0ms)
			AwakeInstancesAfterBackupRestoration (8ms)
Platform modules already initialized, skipping
Refreshing native plugins compatible for Editor in 0.74 ms, found 2 plugins.
Preloading 0 native plugins for Editor in 0.00 ms.
Unloading 2155 Unused Serialized files (Serialized files now loaded: 0)
System memory in use before: 85.6 MB.
System memory in use after: 85.7 MB.

Unloading 47 unused Assets to reduce memory usage. Loaded Objects now: 2582.
Total: 6.245557 ms (FindLiveObjects: 0.178178 ms CreateObjectMapping: 0.095549 ms MarkObjects: 5.935472 ms  DeleteObjects: 0.035455 ms)

AssetImportParameters requested are different than current active one (requested -> active):
  custom:framework-win-MediaFoundation: 216162199b28c13a410421893ffa2e32 -> 
  custom:video-decoder-ogg-theora: a1e56fd34408186e4bbccfd4996cb3dc -> 
  custom:container-muxer-webm: aa71ff27fc2769a1b78a27578f13a17b -> 
  custom:container-demuxer-webm: 4f35f7cbe854078d1ac9338744f61a02 -> 
  custom:container-demuxer-ogg: 62fdf1f143b41e24485cea50d1cbac27 -> 
  custom:video-encoder-webm-vp8: eb34c28f22e8b96e1ab97ce403110664 -> 
  custom:video-decoder-webm-vp8: 9c59270c3fd7afecdb556c50c9e8de78 -> 
  custom:audio-decoder-ogg-vorbis: bf7c407c2cedff20999df2af8eb42d56 -> 
  custom:audio-encoder-webm-vorbis: bf7c407c2cedff20999df2af8eb42d56 -> 
========================================================================
Received Prepare
Registering precompiled user dll's ...
Registered in 0.004002 seconds.
Begin MonoManager ReloadAssembly
Native extension for WindowsStandalone target not found
Refreshing native plugins compatible for Editor in 0.78 ms, found 2 plugins.
Preloading 0 native plugins for Editor in 0.00 ms.
Mono: successfully reloaded assembly
- Completed reload, in  1.109 seconds
Domain Reload Profiling:
	ReloadAssembly (1110ms)
		BeginReloadAssembly (123ms)
			ExecutionOrderSort (0ms)
			DisableScriptedObjects (7ms)
			BackupInstance (0ms)
			ReleaseScriptingObjects (0ms)
			CreateAndSetChildDomain (36ms)
		EndReloadAssembly (926ms)
			LoadAssemblies (109ms)
			RebuildTransferFunctionScriptingTraits (0ms)
			SetupTypeCache (289ms)
			ReleaseScriptCaches (1ms)
			RebuildScriptCaches (48ms)
			SetupLoadedEditorAssemblies (378ms)
				LogAssemblyErrors (0ms)
				InitializePlatformSupportModulesInManaged (5ms)
				SetLoadedEditorAssemblies (1ms)
				RefreshPlugins (1ms)
				BeforeProcessingInitializeOnLoad (100ms)
				ProcessInitializeOnLoadAttributes (226ms)
				ProcessInitializeOnLoadMethodAttributes (41ms)
				AfterProcessingInitializeOnLoad (4ms)
				EditorAssembliesLoaded (0ms)
			ExecutionOrderSort2 (0ms)
			AwakeInstancesAfterBackupRestoration (8ms)
Platform modules already initialized, skipping
Refreshing native plugins compatible for Editor in 0.78 ms, found 2 plugins.
Preloading 0 native plugins for Editor in 0.00 ms.
Unloading 2155 Unused Serialized files (Serialized files now loaded: 0)
System memory in use before: 85.5 MB.
System memory in use after: 85.6 MB.

Unloading 47 unused Assets to reduce memory usage. Loaded Objects now: 2584.
Total: 7.835941 ms (FindLiveObjects: 0.183587 ms CreateObjectMapping: 0.086535 ms MarkObjects: 7.511434 ms  DeleteObjects: 0.053484 ms)

AssetImportParameters requested are different than current active one (requested -> active):
  custom:framework-win-MediaFoundation: 216162199b28c13a410421893ffa2e32 -> 
  custom:video-decoder-ogg-theora: a1e56fd34408186e4bbccfd4996cb3dc -> 
  custom:container-muxer-webm: aa71ff27fc2769a1b78a27578f13a17b -> 
  custom:container-demuxer-webm: 4f35f7cbe854078d1ac9338744f61a02 -> 
  custom:container-demuxer-ogg: 62fdf1f143b41e24485cea50d1cbac27 -> 
  custom:video-encoder-webm-vp8: eb34c28f22e8b96e1ab97ce403110664 -> 
  custom:video-decoder-webm-vp8: 9c59270c3fd7afecdb556c50c9e8de78 -> 
  custom:audio-decoder-ogg-vorbis: bf7c407c2cedff20999df2af8eb42d56 -> 
  custom:audio-encoder-webm-vorbis: bf7c407c2cedff20999df2af8eb42d56 -> 
========================================================================
Received Import Request.
  Time since last request: 366.271790 seconds.
  path: Assets/Candice AI for Games
  artifactKey: Guid(b4bb6b6499982124291f4a5eefd3b44a) Importer(815301076,1909f56bfc062723c751e8b465ee728b)
Start importing Assets/Candice AI for Games using Guid(b4bb6b6499982124291f4a5eefd3b44a) Importer(815301076,1909f56bfc062723c751e8b465ee728b)  -> (artifact id: '87246bf8e2f0b2cd8fe6d52ca9f78162') in 0.012017 seconds 
  Import took 0.015965 seconds .

========================================================================
Received Import Request.
  Time since last request: 0.039610 seconds.
  path: Assets/Candice AI for Games/Bullet.prefab
  artifactKey: Guid(fff7ff3fd706deb45bee7cf9c2d8754e) Importer(815301076,1909f56bfc062723c751e8b465ee728b)
Start importing Assets/Candice AI for Games/Bullet.prefab using Guid(fff7ff3fd706deb45bee7cf9c2d8754e) Importer(815301076,1909f56bfc062723c751e8b465ee728b)  -> (artifact id: '7bae1370c41b9287f2ea71b6721abac6') in 0.094761 seconds 
  Import took 0.099177 seconds .

========================================================================
Received Import Request.
  Time since last request: 0.000172 seconds.
  path: Assets/Candice AI for Games/Ground.mat
  artifactKey: Guid(b314690fc3f056349ba173239a958fa3) Importer(815301076,1909f56bfc062723c751e8b465ee728b)
Start importing Assets/Candice AI for Games/Ground.mat using Guid(b314690fc3f056349ba173239a958fa3) Importer(815301076,1909f56bfc062723c751e8b465ee728b)  -> (artifact id: 'd23be76cca30dacdb129b12c6b500fee') in 0.046067 seconds 
  Import took 0.050465 seconds .

========================================================================
Received Import Request.
  Time since last request: 0.528159 seconds.
  path: Assets/Candice AI for Games/Scripts
  artifactKey: Guid(bc93e38a92d370845b500fab6fbc9f2c) Importer(815301076,1909f56bfc062723c751e8b465ee728b)
Start importing Assets/Candice AI for Games/Scripts using Guid(bc93e38a92d370845b500fab6fbc9f2c) Importer(815301076,1909f56bfc062723c751e8b465ee728b)  -> (artifact id: '0c9dd25e336c3536c853dc2e27d4c22c') in 0.014142 seconds 
  Import took 0.018673 seconds .

========================================================================
Received Import Request.
  Time since last request: 1.989026 seconds.
  path: Assets/Candice AI for Games/Scripts/Libs
  artifactKey: Guid(32661ce01313883418fa73a707012005) Importer(815301076,1909f56bfc062723c751e8b465ee728b)
Start importing Assets/Candice AI for Games/Scripts/Libs using Guid(32661ce01313883418fa73a707012005) Importer(815301076,1909f56bfc062723c751e8b465ee728b)  -> (artifact id: '6173c67d0fec1e2cbd8ff4efb576fa5a') in 0.014897 seconds 
  Import took 0.019479 seconds .

========================================================================
Received Import Request.
  Time since last request: 0.916476 seconds.
  path: Assets/Candice AI for Games/Scripts/Libs/Candice Behavior Tree
  artifactKey: Guid(b91ecbca367c720429a0ba5e3e525448) Importer(815301076,1909f56bfc062723c751e8b465ee728b)
Start importing Assets/Candice AI for Games/Scripts/Libs/Candice Behavior Tree using Guid(b91ecbca367c720429a0ba5e3e525448) Importer(815301076,1909f56bfc062723c751e8b465ee728b)  -> (artifact id: '7bd98f49a61957ead1daf7fc21ff3c6e') in 0.017068 seconds 
  Import took 0.021625 seconds .

========================================================================
Received Import Request.
  Time since last request: 5.234680 seconds.
  path: Assets/Candice AI for Games/Scripts/Libs/Candice Pathfinding
  artifactKey: Guid(bf1b173adc01ee44a93075bf05f96de3) Importer(815301076,1909f56bfc062723c751e8b465ee728b)
Start importing Assets/Candice AI for Games/Scripts/Libs/Candice Pathfinding using Guid(bf1b173adc01ee44a93075bf05f96de3) Importer(815301076,1909f56bfc062723c751e8b465ee728b)  -> (artifact id: 'de06cf4e61569bacf6cd934de3979c01') in 0.017641 seconds 
  Import took 0.022213 seconds .

========================================================================
Received Import Request.
  Time since last request: 1.625092 seconds.
  path: Assets/Candice AI for Games/Scripts/Libs/Candice Pathfinding/CandiceGrid.cs
  artifactKey: Guid(238aad8c27f48ff42bf4d0d1fa669283) Importer(815301076,1909f56bfc062723c751e8b465ee728b)
Start importing Assets/Candice AI for Games/Scripts/Libs/Candice Pathfinding/CandiceGrid.cs using Guid(238aad8c27f48ff42bf4d0d1fa669283) Importer(815301076,1909f56bfc062723c751e8b465ee728b)  -> (artifact id: 'dea8459f6b8c650df5a9d4106cf16efb') in 0.055239 seconds 
  Import took 0.058937 seconds .

========================================================================
Received Import Request.
  Time since last request: 0.439875 seconds.
  path: Assets/Candice AI for Games/Scripts/Libs/Candice Pathfinding/CandicePathFinding.cs
  artifactKey: Guid(13d9fe0fcb186dc4084cb71c0bb27832) Importer(815301076,1909f56bfc062723c751e8b465ee728b)
Start importing Assets/Candice AI for Games/Scripts/Libs/Candice Pathfinding/CandicePathFinding.cs using Guid(13d9fe0fcb186dc4084cb71c0bb27832) Importer(815301076,1909f56bfc062723c751e8b465ee728b)  -> (artifact id: '52d679234b9f0cd1b6c3d40018853508') in 0.009510 seconds 
  Import took 0.013530 seconds .

========================================================================
Received Import Request.
  Time since last request: 102.944883 seconds.
  path: Assets/Candice AI for Games/Scripts/Modules
  artifactKey: Guid(8138247eff79cd64b8188b67960ccf21) Importer(815301076,1909f56bfc062723c751e8b465ee728b)
Start importing Assets/Candice AI for Games/Scripts/Modules using Guid(8138247eff79cd64b8188b67960ccf21) Importer(815301076,1909f56bfc062723c751e8b465ee728b)  -> (artifact id: 'bcaa4c3fb969f5838e9bf5c0a9d98ff3') in 0.019168 seconds 
  Import took 0.023638 seconds .

========================================================================
Received Import Request.
  Time since last request: 0.679995 seconds.
  path: Assets/Candice AI for Games/Scripts/Modules/CandiceModuleCombat.cs
  artifactKey: Guid(f0b333ef9b9da2544be6c9342bf26c32) Importer(815301076,1909f56bfc062723c751e8b465ee728b)
Start importing Assets/Candice AI for Games/Scripts/Modules/CandiceModuleCombat.cs using Guid(f0b333ef9b9da2544be6c9342bf26c32) Importer(815301076,1909f56bfc062723c751e8b465ee728b)  -> (artifact id: '61717433de83d0177aefce474f0c259b') in 0.010818 seconds 
  Import took 0.015081 seconds .

========================================================================
Received Import Request.
  Time since last request: 0.920820 seconds.
  path: Assets/Candice AI for Games/Scripts/Modules/CandiceModuleDetection.cs
  artifactKey: Guid(d216d96606527514a98132ff0f715f47) Importer(815301076,1909f56bfc062723c751e8b465ee728b)
Start importing Assets/Candice AI for Games/Scripts/Modules/CandiceModuleDetection.cs using Guid(d216d96606527514a98132ff0f715f47) Importer(815301076,1909f56bfc062723c751e8b465ee728b)  -> (artifact id: 'bd0aa691832b30196f589ccdeecf0474') in 0.009146 seconds 
  Import took 0.013005 seconds .

========================================================================
Received Import Request.
  Time since last request: 50.257947 seconds.
  path: Assets/Candice AI for Games/Scripts/Modules/CandiceModuleDetection.cs
  artifactKey: Guid(d216d96606527514a98132ff0f715f47) Importer(815301076,1909f56bfc062723c751e8b465ee728b)
Start importing Assets/Candice AI for Games/Scripts/Modules/CandiceModuleDetection.cs using Guid(d216d96606527514a98132ff0f715f47) Importer(815301076,1909f56bfc062723c751e8b465ee728b)  -> (artifact id: '6bb0151787e38d4983480e53aead542e') in 0.011523 seconds 
  Import took 0.019110 seconds .

========================================================================
Received Import Request.
  Time since last request: 88.104310 seconds.
  path: Assets/Candice AI for Games/Scripts/Modules/CandiceModuleDetection.cs
  artifactKey: Guid(d216d96606527514a98132ff0f715f47) Importer(815301076,1909f56bfc062723c751e8b465ee728b)
Start importing Assets/Candice AI for Games/Scripts/Modules/CandiceModuleDetection.cs using Guid(d216d96606527514a98132ff0f715f47) Importer(815301076,1909f56bfc062723c751e8b465ee728b)  -> (artifact id: '259bc0c0714136c8e77db0002aedd977') in 0.015538 seconds 
  Import took 0.022367 seconds .

========================================================================
Received Import Request.
  Time since last request: 13.686324 seconds.
  path: Assets/Candice AI for Games/Scripts/Editor
  artifactKey: Guid(956c60c5abf341e4ba1b3633b2f9fad0) Importer(815301076,1909f56bfc062723c751e8b465ee728b)
Start importing Assets/Candice AI for Games/Scripts/Editor using Guid(956c60c5abf341e4ba1b3633b2f9fad0) Importer(815301076,1909f56bfc062723c751e8b465ee728b)  -> (artifact id: '922a62c3f0d40beb02d97e261f1119d4') in 0.015002 seconds 
  Import took 0.019518 seconds .

========================================================================
Received Import Request.
  Time since last request: 0.629167 seconds.
  path: Assets/Candice AI for Games/Scripts/Editor/CandiceAIController_Editor.cs
  artifactKey: Guid(7fc00b0d44545d54983833e6064c27b0) Importer(815301076,1909f56bfc062723c751e8b465ee728b)
Start importing Assets/Candice AI for Games/Scripts/Editor/CandiceAIController_Editor.cs using Guid(7fc00b0d44545d54983833e6064c27b0) Importer(815301076,1909f56bfc062723c751e8b465ee728b)  -> (artifact id: '4b4b2f0f547a24511eee24f89cd5e124') in 0.011378 seconds 
  Import took 0.015879 seconds .

========================================================================
Received Import Request.
  Time since last request: 181.393083 seconds.
  path: Assets/Candice AI for Games/Scripts/Editor/CandiceAIManager_Editor.cs
  artifactKey: Guid(13a43ba541a5d5b4c95c2e81679f21ce) Importer(815301076,1909f56bfc062723c751e8b465ee728b)
Start importing Assets/Candice AI for Games/Scripts/Editor/CandiceAIManager_Editor.cs using Guid(13a43ba541a5d5b4c95c2e81679f21ce) Importer(815301076,1909f56bfc062723c751e8b465ee728b)  -> (artifact id: '3568a73dfea5a9cef76a12bb5567e4e6') in 0.024056 seconds 
  Import took 0.029138 seconds .

========================================================================
Received Import Request.
  Time since last request: 0.912505 seconds.
  path: Assets/Candice AI for Games/Scripts/Editor/CandiceAutorun.cs
  artifactKey: Guid(2a5dcbe87df409e469a337e5df8ae89e) Importer(815301076,1909f56bfc062723c751e8b465ee728b)
Start importing Assets/Candice AI for Games/Scripts/Editor/CandiceAutorun.cs using Guid(2a5dcbe87df409e469a337e5df8ae89e) Importer(815301076,1909f56bfc062723c751e8b465ee728b)  -> (artifact id: 'ab5bf4461bd2d33094e26050d8bbb760') in 0.013270 seconds 
  Import took 0.017158 seconds .

========================================================================
Received Import Request.
  Time since last request: 0.799673 seconds.
  path: Assets/Candice AI for Games/Scripts/Editor/CandiceSetupAssistant_Editor.cs
  artifactKey: Guid(d4e85c11ee293b643867100ce2f128e8) Importer(815301076,1909f56bfc062723c751e8b465ee728b)
Start importing Assets/Candice AI for Games/Scripts/Editor/CandiceSetupAssistant_Editor.cs using Guid(d4e85c11ee293b643867100ce2f128e8) Importer(815301076,1909f56bfc062723c751e8b465ee728b)  -> (artifact id: 'a286bd98f86cf8064fbd809885e6eb40') in 0.015474 seconds 
  Import took 0.019189 seconds .

========================================================================
Received Import Request.
  Time since last request: 0.643481 seconds.
  path: Assets/Candice AI for Games/Scripts/Editor/StarupWindow.cs
  artifactKey: Guid(23e907d0331ef3b45bf21c25a75e396d) Importer(815301076,1909f56bfc062723c751e8b465ee728b)
Start importing Assets/Candice AI for Games/Scripts/Editor/StarupWindow.cs using Guid(23e907d0331ef3b45bf21c25a75e396d) Importer(815301076,1909f56bfc062723c751e8b465ee728b)  -> (artifact id: 'ae936d1aba0481bb61ec7c1cc1fc15e2') in 0.013537 seconds 
  Import took 0.019159 seconds .

========================================================================
Received Prepare
Registering precompiled user dll's ...
Registered in 0.003706 seconds.
Begin MonoManager ReloadAssembly
Native extension for WindowsStandalone target not found
Refreshing native plugins compatible for Editor in 0.72 ms, found 2 plugins.
Preloading 0 native plugins for Editor in 0.00 ms.
Mono: successfully reloaded assembly
- Completed reload, in  1.016 seconds
Domain Reload Profiling:
	ReloadAssembly (1016ms)
		BeginReloadAssembly (122ms)
			ExecutionOrderSort (0ms)
			DisableScriptedObjects (6ms)
			BackupInstance (0ms)
			ReleaseScriptingObjects (0ms)
			CreateAndSetChildDomain (42ms)
		EndReloadAssembly (838ms)
			LoadAssemblies (96ms)
			RebuildTransferFunctionScriptingTraits (0ms)
			SetupTypeCache (273ms)
			ReleaseScriptCaches (1ms)
			RebuildScriptCaches (45ms)
			SetupLoadedEditorAssemblies (333ms)
				LogAssemblyErrors (0ms)
				InitializePlatformSupportModulesInManaged (4ms)
				SetLoadedEditorAssemblies (0ms)
				RefreshPlugins (1ms)
				BeforeProcessingInitializeOnLoad (83ms)
				ProcessInitializeOnLoadAttributes (203ms)
				ProcessInitializeOnLoadMethodAttributes (38ms)
				AfterProcessingInitializeOnLoad (4ms)
				EditorAssembliesLoaded (0ms)
			ExecutionOrderSort2 (0ms)
			AwakeInstancesAfterBackupRestoration (7ms)
Platform modules already initialized, skipping
Refreshing native plugins compatible for Editor in 0.75 ms, found 2 plugins.
Preloading 0 native plugins for Editor in 0.00 ms.
Unloading 2155 Unused Serialized files (Serialized files now loaded: 0)
System memory in use before: 88.8 MB.
System memory in use after: 89.0 MB.

Unloading 48 unused Assets to reduce memory usage. Loaded Objects now: 2627.
Total: 8.338627 ms (FindLiveObjects: 0.216338 ms CreateObjectMapping: 0.087136 ms MarkObjects: 7.975660 ms  DeleteObjects: 0.057991 ms)

AssetImportParameters requested are different than current active one (requested -> active):
  custom:framework-win-MediaFoundation: 216162199b28c13a410421893ffa2e32 -> 
  custom:video-decoder-ogg-theora: a1e56fd34408186e4bbccfd4996cb3dc -> 
  custom:container-muxer-webm: aa71ff27fc2769a1b78a27578f13a17b -> 
  custom:container-demuxer-webm: 4f35f7cbe854078d1ac9338744f61a02 -> 
  custom:container-demuxer-ogg: 62fdf1f143b41e24485cea50d1cbac27 -> 
  custom:video-encoder-webm-vp8: eb34c28f22e8b96e1ab97ce403110664 -> 
  custom:video-decoder-webm-vp8: 9c59270c3fd7afecdb556c50c9e8de78 -> 
  custom:audio-decoder-ogg-vorbis: bf7c407c2cedff20999df2af8eb42d56 -> 
  custom:audio-encoder-webm-vorbis: bf7c407c2cedff20999df2af8eb42d56 -> 
========================================================================
Received Prepare
Registering precompiled user dll's ...
Registered in 0.003618 seconds.
Begin MonoManager ReloadAssembly
Native extension for WindowsStandalone target not found
Refreshing native plugins compatible for Editor in 0.75 ms, found 2 plugins.
Preloading 0 native plugins for Editor in 0.00 ms.
Mono: successfully reloaded assembly
- Completed reload, in  1.134 seconds
Domain Reload Profiling:
	ReloadAssembly (1135ms)
		BeginReloadAssembly (119ms)
			ExecutionOrderSort (0ms)
			DisableScriptedObjects (6ms)
			BackupInstance (0ms)
			ReleaseScriptingObjects (0ms)
			CreateAndSetChildDomain (35ms)
		EndReloadAssembly (953ms)
			LoadAssemblies (102ms)
			RebuildTransferFunctionScriptingTraits (0ms)
			SetupTypeCache (291ms)
			ReleaseScriptCaches (1ms)
			RebuildScriptCaches (52ms)
			SetupLoadedEditorAssemblies (412ms)
				LogAssemblyErrors (0ms)
				InitializePlatformSupportModulesInManaged (5ms)
				SetLoadedEditorAssemblies (1ms)
				RefreshPlugins (1ms)
				BeforeProcessingInitializeOnLoad (93ms)
				ProcessInitializeOnLoadAttributes (266ms)
				ProcessInitializeOnLoadMethodAttributes (42ms)
				AfterProcessingInitializeOnLoad (4ms)
				EditorAssembliesLoaded (0ms)
			ExecutionOrderSort2 (0ms)
			AwakeInstancesAfterBackupRestoration (8ms)
Platform modules already initialized, skipping
Refreshing native plugins compatible for Editor in 0.76 ms, found 2 plugins.
Preloading 0 native plugins for Editor in 0.00 ms.
Unloading 2155 Unused Serialized files (Serialized files now loaded: 0)
System memory in use before: 88.8 MB.
System memory in use after: 89.0 MB.

Unloading 47 unused Assets to reduce memory usage. Loaded Objects now: 2629.
Total: 7.080862 ms (FindLiveObjects: 0.185991 ms CreateObjectMapping: 0.085033 ms MarkObjects: 6.724205 ms  DeleteObjects: 0.084432 ms)

AssetImportParameters requested are different than current active one (requested -> active):
  custom:framework-win-MediaFoundation: 216162199b28c13a410421893ffa2e32 -> 
  custom:video-decoder-ogg-theora: a1e56fd34408186e4bbccfd4996cb3dc -> 
  custom:container-muxer-webm: aa71ff27fc2769a1b78a27578f13a17b -> 
  custom:container-demuxer-webm: 4f35f7cbe854078d1ac9338744f61a02 -> 
  custom:container-demuxer-ogg: 62fdf1f143b41e24485cea50d1cbac27 -> 
  custom:video-encoder-webm-vp8: eb34c28f22e8b96e1ab97ce403110664 -> 
  custom:video-decoder-webm-vp8: 9c59270c3fd7afecdb556c50c9e8de78 -> 
  custom:audio-decoder-ogg-vorbis: bf7c407c2cedff20999df2af8eb42d56 -> 
  custom:audio-encoder-webm-vorbis: bf7c407c2cedff20999df2af8eb42d56 -> 
========================================================================
Received Prepare
Registering precompiled user dll's ...
Registered in 0.003570 seconds.
Begin MonoManager ReloadAssembly
Native extension for WindowsStandalone target not found
Refreshing native plugins compatible for Editor in 0.75 ms, found 2 plugins.
Preloading 0 native plugins for Editor in 0.00 ms.
Mono: successfully reloaded assembly
- Completed reload, in  1.142 seconds
Domain Reload Profiling:
	ReloadAssembly (1143ms)
		BeginReloadAssembly (121ms)
			ExecutionOrderSort (0ms)
			DisableScriptedObjects (6ms)
			BackupInstance (0ms)
			ReleaseScriptingObjects (0ms)
			CreateAndSetChildDomain (33ms)
		EndReloadAssembly (960ms)
			LoadAssemblies (96ms)
			RebuildTransferFunctionScriptingTraits (0ms)
			SetupTypeCache (275ms)
			ReleaseScriptCaches (1ms)
			RebuildScriptCaches (53ms)
			SetupLoadedEditorAssemblies (439ms)
				LogAssemblyErrors (0ms)
				InitializePlatformSupportModulesInManaged (5ms)
				SetLoadedEditorAssemblies (1ms)
				RefreshPlugins (1ms)
				BeforeProcessingInitializeOnLoad (106ms)
				ProcessInitializeOnLoadAttributes (270ms)
				ProcessInitializeOnLoadMethodAttributes (52ms)
				AfterProcessingInitializeOnLoad (4ms)
				EditorAssembliesLoaded (0ms)
			ExecutionOrderSort2 (0ms)
			AwakeInstancesAfterBackupRestoration (7ms)
Platform modules already initialized, skipping
Refreshing native plugins compatible for Editor in 0.93 ms, found 2 plugins.
Preloading 0 native plugins for Editor in 0.00 ms.
Unloading 2155 Unused Serialized files (Serialized files now loaded: 0)
System memory in use before: 88.9 MB.
System memory in use after: 89.0 MB.

Unloading 47 unused Assets to reduce memory usage. Loaded Objects now: 2631.
Total: 6.195679 ms (FindLiveObjects: 0.185390 ms CreateObjectMapping: 0.084432 ms MarkObjects: 5.863961 ms  DeleteObjects: 0.061296 ms)

AssetImportParameters requested are different than current active one (requested -> active):
  custom:framework-win-MediaFoundation: 216162199b28c13a410421893ffa2e32 -> 
  custom:video-decoder-ogg-theora: a1e56fd34408186e4bbccfd4996cb3dc -> 
  custom:container-muxer-webm: aa71ff27fc2769a1b78a27578f13a17b -> 
  custom:container-demuxer-webm: 4f35f7cbe854078d1ac9338744f61a02 -> 
  custom:container-demuxer-ogg: 62fdf1f143b41e24485cea50d1cbac27 -> 
  custom:video-encoder-webm-vp8: eb34c28f22e8b96e1ab97ce403110664 -> 
  custom:video-decoder-webm-vp8: 9c59270c3fd7afecdb556c50c9e8de78 -> 
  custom:audio-decoder-ogg-vorbis: bf7c407c2cedff20999df2af8eb42d56 -> 
  custom:audio-encoder-webm-vorbis: bf7c407c2cedff20999df2af8eb42d56 -> 
========================================================================
Received Prepare
Registering precompiled user dll's ...
Registered in 0.003648 seconds.
Begin MonoManager ReloadAssembly
Native extension for WindowsStandalone target not found
Refreshing native plugins compatible for Editor in 0.76 ms, found 2 plugins.
Preloading 0 native plugins for Editor in 0.00 ms.
Mono: successfully reloaded assembly
- Completed reload, in  0.977 seconds
Domain Reload Profiling:
	ReloadAssembly (977ms)
		BeginReloadAssembly (104ms)
			ExecutionOrderSort (0ms)
			DisableScriptedObjects (6ms)
			BackupInstance (0ms)
			ReleaseScriptingObjects (0ms)
			CreateAndSetChildDomain (31ms)
		EndReloadAssembly (818ms)
			LoadAssemblies (89ms)
			RebuildTransferFunctionScriptingTraits (0ms)
			SetupTypeCache (261ms)
			ReleaseScriptCaches (1ms)
			RebuildScriptCaches (43ms)
			SetupLoadedEditorAssemblies (335ms)
				LogAssemblyErrors (0ms)
				InitializePlatformSupportModulesInManaged (4ms)
				SetLoadedEditorAssemblies (0ms)
				RefreshPlugins (1ms)
				BeforeProcessingInitializeOnLoad (85ms)
				ProcessInitializeOnLoadAttributes (200ms)
				ProcessInitializeOnLoadMethodAttributes (40ms)
				AfterProcessingInitializeOnLoad (4ms)
				EditorAssembliesLoaded (0ms)
			ExecutionOrderSort2 (0ms)
			AwakeInstancesAfterBackupRestoration (7ms)
Platform modules already initialized, skipping
Refreshing native plugins compatible for Editor in 0.75 ms, found 2 plugins.
Preloading 0 native plugins for Editor in 0.00 ms.
Unloading 2155 Unused Serialized files (Serialized files now loaded: 0)
System memory in use before: 88.9 MB.
System memory in use after: 89.0 MB.

Unloading 47 unused Assets to reduce memory usage. Loaded Objects now: 2633.
Total: 6.542421 ms (FindLiveObjects: 0.184488 ms CreateObjectMapping: 0.085934 ms MarkObjects: 6.211303 ms  DeleteObjects: 0.059192 ms)

AssetImportParameters requested are different than current active one (requested -> active):
  custom:framework-win-MediaFoundation: 216162199b28c13a410421893ffa2e32 -> 
  custom:video-decoder-ogg-theora: a1e56fd34408186e4bbccfd4996cb3dc -> 
  custom:container-muxer-webm: aa71ff27fc2769a1b78a27578f13a17b -> 
  custom:container-demuxer-webm: 4f35f7cbe854078d1ac9338744f61a02 -> 
  custom:container-demuxer-ogg: 62fdf1f143b41e24485cea50d1cbac27 -> 
  custom:video-encoder-webm-vp8: eb34c28f22e8b96e1ab97ce403110664 -> 
  custom:video-decoder-webm-vp8: 9c59270c3fd7afecdb556c50c9e8de78 -> 
  custom:audio-decoder-ogg-vorbis: bf7c407c2cedff20999df2af8eb42d56 -> 
  custom:audio-encoder-webm-vorbis: bf7c407c2cedff20999df2af8eb42d56 -> 
AssetImportWorkerClient::OnTransportError - code=2 error=End of file
